<?xml version="1.0" encoding="UTF-8" ?>
<testsuite failures="0" time="0.079" errors="1" skipped="0" tests="1" name="poc.jasperreports.test.ReportGeneratorTest">
  <properties>
    <property name="java.runtime.name" value="Java(TM) SE Runtime Environment"/>
    <property name="sun.boot.library.path" value="c:\program files\jetbrains\intellij idea 9.0.1\jre\jre\bin"/>
    <property name="java.vm.version" value="14.3-b01"/>
    <property name="java.vm.vendor" value="Sun Microsystems Inc."/>
    <property name="java.vendor.url" value="http://java.sun.com/"/>
    <property name="path.separator" value=";"/>
    <property name="java.vm.name" value="Java HotSpot(TM) Client VM"/>
    <property name="file.encoding.pkg" value="sun.io"/>
    <property name="user.country" value="US"/>
    <property name="sun.java.launcher" value="SUN_STANDARD"/>
    <property name="sun.os.patch.level" value="Service Pack 2"/>
    <property name="java.vm.specification.name" value="Java Virtual Machine Specification"/>
    <property name="user.dir" value="C:\AmitK\work\project\poc\Projects\JasperReports"/>
    <property name="java.runtime.version" value="1.6.0_17-b04"/>
    <property name="java.awt.graphicsenv" value="sun.awt.Win32GraphicsEnvironment"/>
    <property name="basedir" value="C:\AmitK\work\project\poc\Projects\JasperReports"/>
    <property name="java.endorsed.dirs" value="c:\program files\jetbrains\intellij idea 9.0.1\jre\jre\lib\endorsed"/>
    <property name="os.arch" value="x86"/>
    <property name="surefire.real.class.path" value="C:\DOCUME~1\axk\LOCALS~1\Temp\surefirebooter7225629995230766925.jar"/>
    <property name="java.io.tmpdir" value="C:\DOCUME~1\axk\LOCALS~1\Temp\"/>
    <property name="line.separator" value="
"/>
    <property name="java.vm.specification.vendor" value="Sun Microsystems Inc."/>
    <property name="user.variant" value=""/>
    <property name="os.name" value="Windows XP"/>
    <property name="sun.jnu.encoding" value="Cp1252"/>
    <property name="java.library.path" value="c:\program files\jetbrains\intellij idea 9.0.1\jre\jre\bin;.;C:\WINDOWS\Sun\Java\bin;C:\WINDOWS\system32;C:\WINDOWS;C:\Program Files\Java\jdk1.6.0_20\bin;C:\AmitK\Reference\Technical\libraries\apache\Maven\apache-maven-2.2.1\bin;C:\oracle\product\10.2.0\client_1\bin;C:\Program Files\Common Files\OTG\;c:\oracle\ora90\bin;C:\Program Files\Oracle\jre\1.1.8\bin;C:\Program Files\Oracle\jre\1.3.1\bin;C:\Program Files\Microsoft SQL Server\90\Tools\binn\;C:\Program Files\Common Files\OTG;C:\Program Files\Microsoft SQL Server\80\Tools\Binn\;C:\Program Files\Altiris\Software Virtualization Agent\;C:\WINDOWS\system32;C:\WINDOWS;C:\WINDOWS\System32\Wbem;C:\Program Files\Common Files\Roxio Shared\DLLShared\;C:\PROGRA~1\IBM\CLIENT~1;C:\PROGRA~1\IBM\CLIENT~1\Shared;C:\PROGRA~1\IBM\CLIENT~1\Emulator;C:\AmitK\Reference\Technical\libraries\javatools\jvmstat\jvmstat\bat;C:\AmitK\Reference\Technical\libraries\apache\ant\apache-ant-1.7.1\bin;C:\Program Files\TortoiseSVN\bin;C:\Program Files\QuickTime\QTSystem\;C:\PROGRA~1\cvsnt;C:\AmitK\Reference\Technical\libraries\Spring\Roo\spring-roo-1.0.0.RELEASE\bin;C:\Program Files\SSH Communications Security\SSH Secure Shell;C:\Program Files\CVSNT\;c:\program files\jetbrains\intellij idea 9.0.1\jre\jre\bin"/>
    <property name="surefire.test.class.path" value="C:\AmitK\work\project\poc\Projects\JasperReports\target\test-classes;C:\AmitK\work\project\poc\Projects\JasperReports\target\classes;C:\Documents and Settings\axk\.m2\repository\org\apache\maven\maven-plugin-api\2.0\maven-plugin-api-2.0.jar;C:\Documents and Settings\axk\.m2\repository\junit\junit\4.7\junit-4.7.jar;C:\Documents and Settings\axk\.m2\repository\org\springframework\org.springframework.test\3.0.2.RELEASE\org.springframework.test-3.0.2.RELEASE.jar;C:\Documents and Settings\axk\.m2\repository\org\springframework\org.springframework.context\3.0.2.RELEASE\org.springframework.context-3.0.2.RELEASE.jar;C:\Documents and Settings\axk\.m2\repository\org\springframework\org.springframework.asm\3.0.2.RELEASE\org.springframework.asm-3.0.2.RELEASE.jar;C:\Documents and Settings\axk\.m2\repository\org\springframework\org.springframework.aop\3.0.2.RELEASE\org.springframework.aop-3.0.2.RELEASE.jar;C:\Documents and Settings\axk\.m2\repository\org\aopalliance\com.springsource.org.aopalliance\1.0.0\com.springsource.org.aopalliance-1.0.0.jar;C:\Documents and Settings\axk\.m2\repository\org\springframework\org.springframework.beans\3.0.2.RELEASE\org.springframework.beans-3.0.2.RELEASE.jar;C:\Documents and Settings\axk\.m2\repository\org\springframework\org.springframework.core\3.0.2.RELEASE\org.springframework.core-3.0.2.RELEASE.jar;C:\Documents and Settings\axk\.m2\repository\org\springframework\org.springframework.expression\3.0.2.RELEASE\org.springframework.expression-3.0.2.RELEASE.jar;C:\Documents and Settings\axk\.m2\repository\org\springframework\org.springframework.context.support\3.0.2.RELEASE\org.springframework.context.support-3.0.2.RELEASE.jar;C:\Documents and Settings\axk\.m2\repository\org\springframework\org.springframework.aspects\3.0.2.RELEASE\org.springframework.aspects-3.0.2.RELEASE.jar;C:\Documents and Settings\axk\.m2\repository\org\springframework\org.springframework.jdbc\3.0.2.RELEASE\org.springframework.jdbc-3.0.2.RELEASE.jar;C:\Documents and Settings\axk\.m2\repository\org\springframework\org.springframework.transaction\3.0.2.RELEASE\org.springframework.transaction-3.0.2.RELEASE.jar;C:\Documents and Settings\axk\.m2\repository\org\hsqldb\com.springsource.org.hsqldb\1.8.0.9\com.springsource.org.hsqldb-1.8.0.9.jar;C:\Documents and Settings\axk\.m2\repository\org\slf4j\com.springsource.slf4j.log4j\1.5.6\com.springsource.slf4j.log4j-1.5.6.jar;C:\Documents and Settings\axk\.m2\repository\org\apache\log4j\com.springsource.org.apache.log4j\1.2.15\com.springsource.org.apache.log4j-1.2.15.jar;C:\Documents and Settings\axk\.m2\repository\org\slf4j\com.springsource.slf4j.api\1.5.10\com.springsource.slf4j.api-1.5.10.jar;"/>
    <property name="java.specification.name" value="Java Platform API Specification"/>
    <property name="java.class.version" value="50.0"/>
    <property name="sun.management.compiler" value="HotSpot Client Compiler"/>
    <property name="os.version" value="5.1"/>
    <property name="user.home" value="C:\Documents and Settings\axk"/>
    <property name="user.timezone" value=""/>
    <property name="java.awt.printerjob" value="sun.awt.windows.WPrinterJob"/>
    <property name="java.specification.version" value="1.6"/>
    <property name="file.encoding" value="Cp1252"/>
    <property name="user.name" value="axk"/>
    <property name="java.class.path" value="C:\AmitK\work\project\poc\Projects\JasperReports\target\test-classes;C:\AmitK\work\project\poc\Projects\JasperReports\target\classes;C:\Documents and Settings\axk\.m2\repository\org\apache\maven\maven-plugin-api\2.0\maven-plugin-api-2.0.jar;C:\Documents and Settings\axk\.m2\repository\junit\junit\4.7\junit-4.7.jar;C:\Documents and Settings\axk\.m2\repository\org\springframework\org.springframework.test\3.0.2.RELEASE\org.springframework.test-3.0.2.RELEASE.jar;C:\Documents and Settings\axk\.m2\repository\org\springframework\org.springframework.context\3.0.2.RELEASE\org.springframework.context-3.0.2.RELEASE.jar;C:\Documents and Settings\axk\.m2\repository\org\springframework\org.springframework.asm\3.0.2.RELEASE\org.springframework.asm-3.0.2.RELEASE.jar;C:\Documents and Settings\axk\.m2\repository\org\springframework\org.springframework.aop\3.0.2.RELEASE\org.springframework.aop-3.0.2.RELEASE.jar;C:\Documents and Settings\axk\.m2\repository\org\aopalliance\com.springsource.org.aopalliance\1.0.0\com.springsource.org.aopalliance-1.0.0.jar;C:\Documents and Settings\axk\.m2\repository\org\springframework\org.springframework.beans\3.0.2.RELEASE\org.springframework.beans-3.0.2.RELEASE.jar;C:\Documents and Settings\axk\.m2\repository\org\springframework\org.springframework.core\3.0.2.RELEASE\org.springframework.core-3.0.2.RELEASE.jar;C:\Documents and Settings\axk\.m2\repository\org\springframework\org.springframework.expression\3.0.2.RELEASE\org.springframework.expression-3.0.2.RELEASE.jar;C:\Documents and Settings\axk\.m2\repository\org\springframework\org.springframework.context.support\3.0.2.RELEASE\org.springframework.context.support-3.0.2.RELEASE.jar;C:\Documents and Settings\axk\.m2\repository\org\springframework\org.springframework.aspects\3.0.2.RELEASE\org.springframework.aspects-3.0.2.RELEASE.jar;C:\Documents and Settings\axk\.m2\repository\org\springframework\org.springframework.jdbc\3.0.2.RELEASE\org.springframework.jdbc-3.0.2.RELEASE.jar;C:\Documents and Settings\axk\.m2\repository\org\springframework\org.springframework.transaction\3.0.2.RELEASE\org.springframework.transaction-3.0.2.RELEASE.jar;C:\Documents and Settings\axk\.m2\repository\org\hsqldb\com.springsource.org.hsqldb\1.8.0.9\com.springsource.org.hsqldb-1.8.0.9.jar;C:\Documents and Settings\axk\.m2\repository\org\slf4j\com.springsource.slf4j.log4j\1.5.6\com.springsource.slf4j.log4j-1.5.6.jar;C:\Documents and Settings\axk\.m2\repository\org\apache\log4j\com.springsource.org.apache.log4j\1.2.15\com.springsource.org.apache.log4j-1.2.15.jar;C:\Documents and Settings\axk\.m2\repository\org\slf4j\com.springsource.slf4j.api\1.5.10\com.springsource.slf4j.api-1.5.10.jar;"/>
    <property name="java.vm.specification.version" value="1.0"/>
    <property name="sun.arch.data.model" value="32"/>
    <property name="java.home" value="c:\program files\jetbrains\intellij idea 9.0.1\jre\jre"/>
    <property name="java.specification.vendor" value="Sun Microsystems Inc."/>
    <property name="user.language" value="en"/>
    <property name="awt.toolkit" value="sun.awt.windows.WToolkit"/>
    <property name="java.vm.info" value="mixed mode, sharing"/>
    <property name="java.version" value="1.6.0_17"/>
    <property name="java.ext.dirs" value="c:\program files\jetbrains\intellij idea 9.0.1\jre\jre\lib\ext;C:\WINDOWS\Sun\Java\lib\ext"/>
    <property name="sun.boot.class.path" value="c:\program files\jetbrains\intellij idea 9.0.1\jre\jre\lib\resources.jar;c:\program files\jetbrains\intellij idea 9.0.1\jre\jre\lib\rt.jar;c:\program files\jetbrains\intellij idea 9.0.1\jre\jre\lib\sunrsasign.jar;c:\program files\jetbrains\intellij idea 9.0.1\jre\jre\lib\jsse.jar;c:\program files\jetbrains\intellij idea 9.0.1\jre\jre\lib\jce.jar;c:\program files\jetbrains\intellij idea 9.0.1\jre\jre\lib\charsets.jar;c:\program files\jetbrains\intellij idea 9.0.1\jre\jre\classes"/>
    <property name="java.vendor" value="Sun Microsystems Inc."/>
    <property name="localRepository" value="C:\Documents and Settings\axk\.m2\repository"/>
    <property name="file.separator" value="\"/>
    <property name="java.vendor.url.bug" value="http://java.sun.com/cgi-bin/bugreport.cgi"/>
    <property name="sun.cpu.endian" value="little"/>
    <property name="sun.io.unicode.encoding" value="UnicodeLittle"/>
    <property name="sun.desktop" value="windows"/>
    <property name="sun.cpu.isalist" value="pentium_pro+mmx pentium_pro pentium+mmx pentium i486 i386 i86"/>
  </properties>
  <testcase time="0.016" classname="poc.jasperreports.test.ReportGeneratorTest" name="initializationError">
    <error message="org/apache/commons/logging/LogFactory" type="java.lang.NoClassDefFoundError">java.lang.NoClassDefFoundError: org/apache/commons/logging/LogFactory
	at org.springframework.test.context.junit4.SpringJUnit4ClassRunner.&lt;clinit&gt;(SpringJUnit4ClassRunner.java:90)
	at sun.reflect.NativeConstructorAccessorImpl.newInstance0(Native Method)
	at sun.reflect.NativeConstructorAccessorImpl.newInstance(NativeConstructorAccessorImpl.java:39)
	at sun.reflect.DelegatingConstructorAccessorImpl.newInstance(DelegatingConstructorAccessorImpl.java:27)
	at java.lang.reflect.Constructor.newInstance(Constructor.java:513)
	at org.junit.internal.builders.AnnotatedBuilder.buildRunner(AnnotatedBuilder.java:31)
	at org.junit.internal.builders.AnnotatedBuilder.runnerForClass(AnnotatedBuilder.java:24)
	at org.junit.runners.model.RunnerBuilder.safeRunnerForClass(RunnerBuilder.java:57)
	at org.junit.internal.builders.AllDefaultPossibilitiesBuilder.runnerForClass(AllDefaultPossibilitiesBuilder.java:29)
	at org.junit.runners.model.RunnerBuilder.safeRunnerForClass(RunnerBuilder.java:57)
	at org.junit.internal.requests.ClassRequest.getRunner(ClassRequest.java:24)
	at org.apache.maven.surefire.junit4.JUnit4TestSet.&lt;init&gt;(JUnit4TestSet.java:45)
	at org.apache.maven.surefire.junit4.JUnit4DirectoryTestSuite.createTestSet(JUnit4DirectoryTestSuite.java:56)
	at org.apache.maven.surefire.suite.AbstractDirectoryTestSuite.locateTestSets(AbstractDirectoryTestSuite.java:96)
	at org.apache.maven.surefire.Surefire.createSuiteFromDefinition(Surefire.java:209)
	at org.apache.maven.surefire.Surefire.run(Surefire.java:156)
	at sun.reflect.NativeMethodAccessorImpl.invoke0(Native Method)
	at sun.reflect.NativeMethodAccessorImpl.invoke(NativeMethodAccessorImpl.java:39)
	at sun.reflect.DelegatingMethodAccessorImpl.invoke(DelegatingMethodAccessorImpl.java:25)
	at java.lang.reflect.Method.invoke(Method.java:597)
	at org.apache.maven.surefire.booter.SurefireBooter.runSuitesInProcess(SurefireBooter.java:345)
	at org.apache.maven.surefire.booter.SurefireBooter.main(SurefireBooter.java:1009)
Caused by: java.lang.ClassNotFoundException: org.apache.commons.logging.LogFactory
	at java.net.URLClassLoader$1.run(URLClassLoader.java:200)
	at java.security.AccessController.doPrivileged(Native Method)
	at java.net.URLClassLoader.findClass(URLClassLoader.java:188)
	at java.lang.ClassLoader.loadClass(ClassLoader.java:303)
	at sun.misc.Launcher$AppClassLoader.loadClass(Launcher.java:301)
	at java.lang.ClassLoader.loadClass(ClassLoader.java:248)
	at java.lang.ClassLoader.loadClassInternal(ClassLoader.java:316)
	... 22 more
</error>
  </testcase>
</testsuite>